<?xml version="1.0" encoding="UTF-8"?>
<!-- Generated by org.testng.reporters.JUnitXMLReporter -->
<testsuite ignored="0" hostname="Mokshi" failures="0" tests="5" name="Test" time="0.1" errors="0" timestamp="2025-05-24T14:27:00 CDT">
  <testcase classname="base.BaseTest" name="@BeforeMethod setup" time="0.032">
    <failure type="java.lang.NoClassDefFoundError" message="org/apache/hc/client5/http/ssl/TlsSocketStrategy">
      <![CDATA[java.lang.NoClassDefFoundError: org/apache/hc/client5/http/ssl/TlsSocketStrategy
at io.github.bonigarcia.wdm.WebDriverManager.setup(WebDriverManager.java:415)
at base.BaseTest.initializeDriver(BaseTest.java:70)
at base.BaseTest.setup(BaseTest.java:126)
at java.base/java.util.ArrayList.forEach(ArrayList.java:1597)
Caused by: java.lang.ClassNotFoundException: org.apache.hc.client5.http.ssl.TlsSocketStrategy
at java.base/jdk.internal.loader.BuiltinClassLoader.loadClass(BuiltinClassLoader.java:641)
at java.base/jdk.internal.loader.ClassLoaders$AppClassLoader.loadClass(ClassLoaders.java:188)
at java.base/java.lang.ClassLoader.loadClass(ClassLoader.java:525)
... 33 more
... Removed 29 stack frames]]>
    </failure>
  </testcase> <!-- @BeforeMethod setup -->
  <testcase classname="base.BaseTest" name="@AfterMethod tearDown" time="0.0">
    <skipped/>
  </testcase> <!-- @AfterMethod tearDown -->
  <testcase classname="base.BaseTest" name="@BeforeMethod setup" time="0.0">
    <skipped/>
  </testcase> <!-- @BeforeMethod setup -->
  <testcase classname="base.BaseTest" name="@AfterMethod tearDown" time="0.0">
    <skipped/>
  </testcase> <!-- @AfterMethod tearDown -->
  <testcase classname="base.BaseTest" name="@BeforeMethod setup" time="0.002">
    <failure type="java.lang.NoClassDefFoundError" message="org/apache/hc/client5/http/ssl/TlsSocketStrategy">
      <![CDATA[java.lang.NoClassDefFoundError: org/apache/hc/client5/http/ssl/TlsSocketStrategy
at io.github.bonigarcia.wdm.WebDriverManager.setup(WebDriverManager.java:415)
at base.BaseTest.initializeDriver(BaseTest.java:70)
at base.BaseTest.setup(BaseTest.java:126)
at java.base/java.util.ArrayList.forEach(ArrayList.java:1597)
Caused by: java.lang.ClassNotFoundException: org.apache.hc.client5.http.ssl.TlsSocketStrategy
at java.base/jdk.internal.loader.BuiltinClassLoader.loadClass(BuiltinClassLoader.java:641)
at java.base/jdk.internal.loader.ClassLoaders$AppClassLoader.loadClass(ClassLoaders.java:188)
at java.base/java.lang.ClassLoader.loadClass(ClassLoader.java:525)
... 33 more
... Removed 29 stack frames]]>
    </failure>
  </testcase> <!-- @BeforeMethod setup -->
  <testcase classname="base.BaseTest" name="@AfterMethod tearDown" time="0.0">
    <skipped/>
  </testcase> <!-- @AfterMethod tearDown -->
  <testcase classname="base.BaseTest" name="@BeforeMethod setup" time="0.0">
    <skipped/>
  </testcase> <!-- @BeforeMethod setup -->
  <testcase classname="base.BaseTest" name="@AfterMethod tearDown" time="0.0">
    <skipped/>
  </testcase> <!-- @AfterMethod tearDown -->
  <testcase classname="base.BaseTest" name="@BeforeMethod setup" time="0.0">
    <skipped/>
  </testcase> <!-- @BeforeMethod setup -->
  <testcase classname="base.BaseTest" name="@AfterMethod tearDown" time="0.0">
    <skipped/>
  </testcase> <!-- @AfterMethod tearDown -->
  <testcase classname="test.LoginTest" name="verifyInvalidLogin" time="0.0">
    <skipped/>
  </testcase> <!-- verifyInvalidLogin -->
  <testcase classname="test.LoginTest" name="verifyLoginWithEmptyCredentials" time="0.0">
    <skipped/>
  </testcase> <!-- verifyLoginWithEmptyCredentials -->
  <testcase classname="test.HomePageTest" name="verifyHomePageLoadAndLogo" time="0.0">
    <skipped/>
  </testcase> <!-- verifyHomePageLoadAndLogo -->
  <testcase classname="test.HomePageTest" name="navigateToLoginPage" time="0.0">
    <skipped/>
  </testcase> <!-- navigateToLoginPage -->
  <testcase classname="test.HomePageTest" name="verifySearchFunctionality" time="0.001">
    <skipped/>
  </testcase> <!-- verifySearchFunctionality -->
</testsuite> <!-- Test -->
