<?xml version="1.0" encoding="UTF-8"?>
<!-- Generated by org.testng.reporters.JUnitXMLReporter -->
<testsuite ignored="0" hostname="Mokshi" failures="0" tests="4" name="Test" time="0.415" errors="0" timestamp="2025-05-24T01:04:48 CDT">
  <testcase classname="rnsequity_Automation.rnsequity.base.BaseTest" name="@BeforeClass setUpClass" time="0.365">
    <failure type="java.lang.NoSuchMethodError" message="&amp;apos;java.nio.file.Path org.openqa.selenium.internal.Require$PathStateChecker.isExecutable()&amp;apos;">
      <![CDATA[java.lang.NoSuchMethodError: 'java.nio.file.Path org.openqa.selenium.internal.Require$PathStateChecker.isExecutable()'
at org.openqa.selenium.remote.service.DriverFinder.getBinaryPaths(DriverFinder.java:118)
at org.openqa.selenium.remote.service.DriverFinder.getDriverPath(DriverFinder.java:55)
at org.openqa.selenium.chrome.ChromeDriver.generateExecutor(ChromeDriver.java:99)
at org.openqa.selenium.chrome.ChromeDriver.<init>(ChromeDriver.java:88)
at org.openqa.selenium.chrome.ChromeDriver.<init>(ChromeDriver.java:83)
at org.openqa.selenium.chrome.ChromeDriver.<init>(ChromeDriver.java:51)
at rnsequity_Automation.rnsequity.base.BaseTest.setUpClass(BaseTest.java:35)
at java.base/java.util.ArrayList.forEach(ArrayList.java:1597)
... Removed 23 stack frames]]>
    </failure>
  </testcase> <!-- @BeforeClass setUpClass -->
  <testcase classname="rnsequity_Automation.rnsequity.base.BaseTest" name="@BeforeMethod setUp" time="0.0">
    <skipped/>
  </testcase> <!-- @BeforeMethod setUp -->
  <testcase classname="rnsequity_Automation.rnsequity.base.BaseTest" name="@AfterMethod tearDown" time="0.0">
    <skipped/>
  </testcase> <!-- @AfterMethod tearDown -->
  <testcase classname="rnsequity_Automation.rnsequity.base.BaseTest" name="@BeforeMethod setUp" time="0.0">
    <skipped/>
  </testcase> <!-- @BeforeMethod setUp -->
  <testcase classname="rnsequity_Automation.rnsequity.base.BaseTest" name="@AfterMethod tearDown" time="0.0">
    <skipped/>
  </testcase> <!-- @AfterMethod tearDown -->
  <testcase classname="rnsequity_Automation.rnsequity.base.BaseTest" name="@BeforeMethod setUp" time="0.0">
    <skipped/>
  </testcase> <!-- @BeforeMethod setUp -->
  <testcase classname="rnsequity_Automation.rnsequity.base.BaseTest" name="@AfterMethod tearDown" time="0.0">
    <skipped/>
  </testcase> <!-- @AfterMethod tearDown -->
  <testcase classname="rnsequity_Automation.rnsequity.base.BaseTest" name="@BeforeMethod setUp" time="0.0">
    <skipped/>
  </testcase> <!-- @BeforeMethod setUp -->
  <testcase classname="rnsequity_Automation.rnsequity.base.BaseTest" name="@AfterMethod tearDown" time="0.0">
    <skipped/>
  </testcase> <!-- @AfterMethod tearDown -->
  <testcase classname="rnsequity_Automation.rnsequity.base.BaseTest" name="@AfterClass flush" time="0.0">
    <skipped/>
  </testcase> <!-- @AfterClass flush -->
  <testcase classname="rnsequity_Automation.rnsequity.rnsequity.tests.LoginTest" name="actitle" time="0.0">
    <skipped/>
  </testcase> <!-- actitle -->
  <testcase classname="rnsequity_Automation.rnsequity.rnsequity.tests.LoginTest" name="blogtitle" time="0.0">
    <skipped/>
  </testcase> <!-- blogtitle -->
  <testcase classname="rnsequity_Automation.rnsequity.rnsequity.tests.LoginTest" name="hometitle" time="0.0">
    <skipped/>
  </testcase> <!-- hometitle -->
  <testcase classname="rnsequity_Automation.rnsequity.rnsequity.tests.LoginTest" name="invtitle" time="0.0">
    <skipped/>
  </testcase> <!-- invtitle -->
</testsuite> <!-- Test -->
