<?xml version="1.0" encoding="UTF-8"?>
<!-- Generated by org.testng.reporters.JUnitXMLReporter -->
<testsuite ignored="0" hostname="Mokshi" failures="0" tests="4" name="EdgeTest" time="0.729" errors="0" timestamp="2025-05-23T16:41:33 CDT">
  <testcase classname="rnsequity_Automation.rnsequity.base.BaseTest" name="@BeforeClass setUpClass" time="0.662">
    <failure type="java.lang.NoSuchMethodError" message="&amp;apos;java.lang.String org.apache.commons.io.IOUtils.toString(java.io.InputStream, java.nio.charset.Charset)&amp;apos;">
      <![CDATA[java.lang.NoSuchMethodError: 'java.lang.String org.apache.commons.io.IOUtils.toString(java.io.InputStream, java.nio.charset.Charset)'
at io.github.bonigarcia.wdm.versions.VersionDetector.getProperties(VersionDetector.java:360)
at io.github.bonigarcia.wdm.versions.VersionDetector.getBrowserVersionFromTheShell(VersionDetector.java:259)
at io.github.bonigarcia.wdm.WebDriverManager.getBrowserVersionFromTheShell(WebDriverManager.java:1353)
at io.github.bonigarcia.wdm.WebDriverManager.detectBrowserVersion(WebDriverManager.java:1373)
at io.github.bonigarcia.wdm.WebDriverManager.resolveDriverVersion(WebDriverManager.java:1220)
at io.github.bonigarcia.wdm.WebDriverManager.manage(WebDriverManager.java:1170)
at io.github.bonigarcia.wdm.WebDriverManager.setup(WebDriverManager.java:427)
at rnsequity_Automation.rnsequity.base.BaseTest.setUpClass(BaseTest.java:38)
at java.base/java.util.ArrayList.forEach(ArrayList.java:1597)
at java.base/java.util.concurrent.FutureTask.run(FutureTask.java:317)
at java.base/java.util.concurrent.ThreadPoolExecutor.runWorker(ThreadPoolExecutor.java:1144)
at java.base/java.util.concurrent.ThreadPoolExecutor$Worker.run(ThreadPoolExecutor.java:642)
at java.base/java.lang.Thread.run(Thread.java:1570)
... Removed 13 stack frames]]>
    </failure>
  </testcase> <!-- @BeforeClass setUpClass -->
  <testcase classname="rnsequity_Automation.rnsequity.base.BaseTest" name="@BeforeMethod setUp" time="0.0">
    <skipped/>
  </testcase> <!-- @BeforeMethod setUp -->
  <testcase classname="rnsequity_Automation.rnsequity.base.BaseTest" name="@AfterMethod tearDown" time="0.0">
    <skipped/>
  </testcase> <!-- @AfterMethod tearDown -->
  <testcase classname="rnsequity_Automation.rnsequity.base.BaseTest" name="@BeforeMethod setUp" time="0.0">
    <skipped/>
  </testcase> <!-- @BeforeMethod setUp -->
  <testcase classname="rnsequity_Automation.rnsequity.base.BaseTest" name="@AfterMethod tearDown" time="0.0">
    <skipped/>
  </testcase> <!-- @AfterMethod tearDown -->
  <testcase classname="rnsequity_Automation.rnsequity.base.BaseTest" name="@BeforeMethod setUp" time="0.0">
    <skipped/>
  </testcase> <!-- @BeforeMethod setUp -->
  <testcase classname="rnsequity_Automation.rnsequity.base.BaseTest" name="@AfterMethod tearDown" time="0.0">
    <skipped/>
  </testcase> <!-- @AfterMethod tearDown -->
  <testcase classname="rnsequity_Automation.rnsequity.base.BaseTest" name="@BeforeMethod setUp" time="0.0">
    <skipped/>
  </testcase> <!-- @BeforeMethod setUp -->
  <testcase classname="rnsequity_Automation.rnsequity.base.BaseTest" name="@AfterMethod tearDown" time="0.0">
    <skipped/>
  </testcase> <!-- @AfterMethod tearDown -->
  <testcase classname="rnsequity_Automation.rnsequity.base.BaseTest" name="@AfterClass flush" time="0.0">
    <skipped/>
  </testcase> <!-- @AfterClass flush -->
  <testcase classname="rnsequity_Automation.rnsequity.rnsequity.tests.LoginTest" name="actitle" time="0.0">
    <skipped/>
  </testcase> <!-- actitle -->
  <testcase classname="rnsequity_Automation.rnsequity.rnsequity.tests.LoginTest" name="blogtitle" time="0.0">
    <skipped/>
  </testcase> <!-- blogtitle -->
  <testcase classname="rnsequity_Automation.rnsequity.rnsequity.tests.LoginTest" name="hometitle" time="0.0">
    <skipped/>
  </testcase> <!-- hometitle -->
  <testcase classname="rnsequity_Automation.rnsequity.rnsequity.tests.LoginTest" name="invtitle" time="0.0">
    <skipped/>
  </testcase> <!-- invtitle -->
</testsuite> <!-- EdgeTest -->
