<?xml version="1.0" encoding="UTF-8"?>
<!-- Generated by org.testng.reporters.JUnitXMLReporter -->
<testsuite ignored="0" hostname="Mokshi" failures="0" tests="4" name="FirefoxTest" time="0.729" errors="0" timestamp="2025-05-23T16:41:33 CDT">
  <testcase classname="rnsequity_Automation.rnsequity.rnsequity.tests.LoginTest" name="actitle" time="0.0">
    <skipped/>
  </testcase> <!-- actitle -->
  <testcase classname="rnsequity_Automation.rnsequity.rnsequity.tests.LoginTest" name="blogtitle" time="0.0">
    <skipped/>
  </testcase> <!-- blogtitle -->
  <testcase classname="rnsequity_Automation.rnsequity.rnsequity.tests.LoginTest" name="hometitle" time="0.0">
    <skipped/>
  </testcase> <!-- hometitle -->
  <testcase classname="rnsequity_Automation.rnsequity.rnsequity.tests.LoginTest" name="invtitle" time="0.0">
    <skipped/>
  </testcase> <!-- invtitle -->
</testsuite> <!-- FirefoxTest -->
